Determining if the pthread_create exist failed with the following output:
Change Dir: /home/alexv/ROS/gopher_concert/src/catkin_pure_python/build/CMakeFiles/CMakeTmp

Run Build Command:/usr/bin/make "cmTryCompileExec4136758995/fast"
/usr/bin/make -f CMakeFiles/cmTryCompileExec4136758995.dir/build.make CMakeFiles/cmTryCompileExec4136758995.dir/build
make[1]: Entering directory `/home/alexv/ROS/gopher_concert/src/catkin_pure_python/build/CMakeFiles/CMakeTmp'
/usr/bin/cmake -E cmake_progress_report /home/alexv/ROS/gopher_concert/src/catkin_pure_python/build/CMakeFiles/CMakeTmp/CMakeFiles 1
Building C object CMakeFiles/cmTryCompileExec4136758995.dir/CheckSymbolExists.c.o
/usr/bin/cc    -o CMakeFiles/cmTryCompileExec4136758995.dir/CheckSymbolExists.c.o   -c /home/alexv/ROS/gopher_concert/src/catkin_pure_python/build/CMakeFiles/CMakeTmp/CheckSymbolExists.c
Linking C executable cmTryCompileExec4136758995
/usr/bin/cmake -E cmake_link_script CMakeFiles/cmTryCompileExec4136758995.dir/link.txt --verbose=1
/usr/bin/cc       CMakeFiles/cmTryCompileExec4136758995.dir/CheckSymbolExists.c.o  -o cmTryCompileExec4136758995 -rdynamic 
CMakeFiles/cmTryCompileExec4136758995.dir/CheckSymbolExists.c.o: In function `main':
CheckSymbolExists.c:(.text+0x16): undefined reference to `pthread_create'
collect2: error: ld returned 1 exit status
make[1]: *** [cmTryCompileExec4136758995] Error 1
make[1]: Leaving directory `/home/alexv/ROS/gopher_concert/src/catkin_pure_python/build/CMakeFiles/CMakeTmp'
make: *** [cmTryCompileExec4136758995/fast] Error 2

File /home/alexv/ROS/gopher_concert/src/catkin_pure_python/build/CMakeFiles/CMakeTmp/CheckSymbolExists.c:
/* */
#include <pthread.h>

int main(int argc, char** argv)
{
  (void)argv;
#ifndef pthread_create
  return ((int*)(&pthread_create))[argc];
#else
  (void)argc;
  return 0;
#endif
}

Determining if the function pthread_create exists in the pthreads failed with the following output:
Change Dir: /home/alexv/ROS/gopher_concert/src/catkin_pure_python/build/CMakeFiles/CMakeTmp

Run Build Command:/usr/bin/make "cmTryCompileExec4239435770/fast"
/usr/bin/make -f CMakeFiles/cmTryCompileExec4239435770.dir/build.make CMakeFiles/cmTryCompileExec4239435770.dir/build
make[1]: Entering directory `/home/alexv/ROS/gopher_concert/src/catkin_pure_python/build/CMakeFiles/CMakeTmp'
/usr/bin/cmake -E cmake_progress_report /home/alexv/ROS/gopher_concert/src/catkin_pure_python/build/CMakeFiles/CMakeTmp/CMakeFiles 1
Building C object CMakeFiles/cmTryCompileExec4239435770.dir/CheckFunctionExists.c.o
/usr/bin/cc   -DCHECK_FUNCTION_EXISTS=pthread_create   -o CMakeFiles/cmTryCompileExec4239435770.dir/CheckFunctionExists.c.o   -c /usr/share/cmake-2.8/Modules/CheckFunctionExists.c
Linking C executable cmTryCompileExec4239435770
/usr/bin/cmake -E cmake_link_script CMakeFiles/cmTryCompileExec4239435770.dir/link.txt --verbose=1
/usr/bin/cc   -DCHECK_FUNCTION_EXISTS=pthread_create    CMakeFiles/cmTryCompileExec4239435770.dir/CheckFunctionExists.c.o  -o cmTryCompileExec4239435770 -rdynamic -lpthreads 
/usr/bin/ld: cannot find -lpthreads
collect2: error: ld returned 1 exit status
make[1]: *** [cmTryCompileExec4239435770] Error 1
make[1]: Leaving directory `/home/alexv/ROS/gopher_concert/src/catkin_pure_python/build/CMakeFiles/CMakeTmp'
make: *** [cmTryCompileExec4239435770/fast] Error 2


